Using pre-set license
Built from '2021.3/staging' branch; Version is '2021.3.16f1 (4016570cf34f) revision 4200023'; Using compiler version '192829333'; Build Type 'Release'
OS: 'Windows 10  (10.0.19044) 64bit Core' Language: 'de' Physical Memory: 16153 MB
BatchMode: 1, IsHumanControllingUs: 0, StartBugReporterOnCrash: 0, Is64bit: 1, IsPro: 1

COMMAND LINE ARGUMENTS:
C:\Program Files\Unity\Hub\Editor\2021.3.16f1\Editor\Unity.exe
-adb2
-batchMode
-noUpm
-name
AssetImportWorker0
-projectPath
C:/Users/Robin/Documents/Unity/Hexabot-dev/Hexapod dev
-logFile
Logs/AssetImportWorker0.log
-srvPort
55003
Successfully changed project path to: C:/Users/Robin/Documents/Unity/Hexabot-dev/Hexapod dev
C:/Users/Robin/Documents/Unity/Hexabot-dev/Hexapod dev
[UnityMemory] Configuration Parameters - Can be set up in boot.config
    "memorysetup-bucket-allocator-granularity=16"
    "memorysetup-bucket-allocator-bucket-count=8"
    "memorysetup-bucket-allocator-block-size=33554432"
    "memorysetup-bucket-allocator-block-count=8"
    "memorysetup-main-allocator-block-size=16777216"
    "memorysetup-thread-allocator-block-size=16777216"
    "memorysetup-gfx-main-allocator-block-size=16777216"
    "memorysetup-gfx-thread-allocator-block-size=16777216"
    "memorysetup-cache-allocator-block-size=4194304"
    "memorysetup-typetree-allocator-block-size=2097152"
    "memorysetup-profiler-bucket-allocator-granularity=16"
    "memorysetup-profiler-bucket-allocator-bucket-count=8"
    "memorysetup-profiler-bucket-allocator-block-size=33554432"
    "memorysetup-profiler-bucket-allocator-block-count=8"
    "memorysetup-profiler-allocator-block-size=16777216"
    "memorysetup-profiler-editor-allocator-block-size=1048576"
    "memorysetup-temp-allocator-size-main=16777216"
    "memorysetup-job-temp-allocator-block-size=2097152"
    "memorysetup-job-temp-allocator-block-size-background=1048576"
    "memorysetup-job-temp-allocator-reduction-small-platforms=262144"
    "memorysetup-temp-allocator-size-background-worker=32768"
    "memorysetup-temp-allocator-size-job-worker=262144"
    "memorysetup-temp-allocator-size-preload-manager=33554432"
    "memorysetup-temp-allocator-size-nav-mesh-worker=65536"
    "memorysetup-temp-allocator-size-audio-worker=65536"
    "memorysetup-temp-allocator-size-cloud-worker=32768"
    "memorysetup-temp-allocator-size-gi-baking-worker=262144"
    "memorysetup-temp-allocator-size-gfx=262144"
Player connection [12156] Host "[IP] 192.168.178.56 [Port] 0 [Flags] 2 [Guid] 3253894908 [EditorId] 3253894908 [Version] 1048832 [Id] WindowsEditor(7,DESKTOP-T07IIMC) [Debug] 1 [PackageName] WindowsEditor [ProjectName] Editor" joined multi-casting on [225.0.0.222:54997]...

Player connection [12156] Host "[IP] 192.168.178.56 [Port] 0 [Flags] 2 [Guid] 3253894908 [EditorId] 3253894908 [Version] 1048832 [Id] WindowsEditor(7,DESKTOP-T07IIMC) [Debug] 1 [PackageName] WindowsEditor [ProjectName] Editor" joined alternative multi-casting on [225.0.0.222:34997]...

Refreshing native plugins compatible for Editor in 128.69 ms, found 3 plugins.
Preloading 0 native plugins for Editor in 0.00 ms.
Initialize engine version: 2021.3.16f1 (4016570cf34f)
[Subsystems] Discovering subsystems at path C:/Program Files/Unity/Hub/Editor/2021.3.16f1/Editor/Data/Resources/UnitySubsystems
[Subsystems] Discovering subsystems at path C:/Users/Robin/Documents/Unity/Hexabot-dev/Hexapod dev/Assets
GfxDevice: creating device client; threaded=0; jobified=0
Direct3D:
    Version:  Direct3D 11.0 [level 11.1]
    Renderer: Intel(R) Iris(R) Plus Graphics (ID=0x8a52)
    Vendor:   Intel
    VRAM:     8076 MB
    Driver:   27.20.100.9664
Initialize mono
Mono path[0] = 'C:/Program Files/Unity/Hub/Editor/2021.3.16f1/Editor/Data/Managed'
Mono path[1] = 'C:/Program Files/Unity/Hub/Editor/2021.3.16f1/Editor/Data/MonoBleedingEdge/lib/mono/unityjit-win32'
Mono config path = 'C:/Program Files/Unity/Hub/Editor/2021.3.16f1/Editor/Data/MonoBleedingEdge/etc'
Using monoOptions --debugger-agent=transport=dt_socket,embedding=1,server=y,suspend=n,address=127.0.0.1:56384
Begin MonoManager ReloadAssembly
Registering precompiled unity dll's ...
Register platform support module: C:/Program Files/Unity/Hub/Editor/2021.3.16f1/Editor/Data/PlaybackEngines/WebGLSupport/UnityEditor.WebGL.Extensions.dll
Register platform support module: C:/Program Files/Unity/Hub/Editor/2021.3.16f1/Editor/Data/PlaybackEngines/MacStandaloneSupport/UnityEditor.OSXStandalone.Extensions.dll
Register platform support module: C:/Program Files/Unity/Hub/Editor/2021.3.16f1/Editor/Data/PlaybackEngines/AndroidPlayer/UnityEditor.Android.Extensions.dll
Register platform support module: C:/Program Files/Unity/Hub/Editor/2021.3.16f1/Editor/Data/PlaybackEngines/WindowsStandaloneSupport/UnityEditor.WindowsStandalone.Extensions.dll
Register platform support module: C:/Program Files/Unity/Hub/Editor/2021.3.16f1/Editor/Data/PlaybackEngines/LinuxStandaloneSupport/UnityEditor.LinuxStandalone.Extensions.dll
Register platform support module: C:/Program Files/Unity/Hub/Editor/2021.3.16f1/Editor/Data/PlaybackEngines/MetroSupport/UnityEditor.UWP.Extensions.dll
Registered in 0.038291 seconds.
Native extension for UWP target not found
Native extension for LinuxStandalone target not found
Native extension for WindowsStandalone target not found
Native extension for Android target not found
Native extension for OSXStandalone target not found
Native extension for WebGL target not found
Refreshing native plugins compatible for Editor in 203.11 ms, found 3 plugins.
Preloading 0 native plugins for Editor in 0.00 ms.
Mono: successfully reloaded assembly
- Completed reload, in  1.568 seconds
Domain Reload Profiling:
	ReloadAssembly (1568ms)
		BeginReloadAssembly (140ms)
			ExecutionOrderSort (0ms)
			DisableScriptedObjects (0ms)
			BackupInstance (0ms)
			ReleaseScriptingObjects (0ms)
			CreateAndSetChildDomain (2ms)
		EndReloadAssembly (1081ms)
			LoadAssemblies (136ms)
			RebuildTransferFunctionScriptingTraits (0ms)
			SetupTypeCache (273ms)
			ReleaseScriptCaches (0ms)
			RebuildScriptCaches (55ms)
			SetupLoadedEditorAssemblies (635ms)
				LogAssemblyErrors (0ms)
				InitializePlatformSupportModulesInManaged (164ms)
				SetLoadedEditorAssemblies (0ms)
				RefreshPlugins (203ms)
				BeforeProcessingInitializeOnLoad (2ms)
				ProcessInitializeOnLoadAttributes (192ms)
				ProcessInitializeOnLoadMethodAttributes (73ms)
				AfterProcessingInitializeOnLoad (0ms)
				EditorAssembliesLoaded (0ms)
			ExecutionOrderSort2 (0ms)
			AwakeInstancesAfterBackupRestoration (0ms)
Platform modules already initialized, skipping
Registering precompiled user dll's ...
Registered in 0.025702 seconds.
Begin MonoManager ReloadAssembly
Symbol file LoadedFromMemory is not a mono symbol file
Symbol file LoadedFromMemory doesn't match image C:\Users\Robin\Documents\Unity\Hexabot-dev\Hexapod dev\Library\PackageCache\com.unity.visualscripting@1.7.8\Editor\VisualScripting.Core\Dependencies\YamlDotNet\Unity.VisualScripting.YamlDotNet.dll
Symbol file LoadedFromMemory doesn't match image C:\Users\Robin\Documents\Unity\Hexabot-dev\Hexapod dev\Library\PackageCache\com.unity.visualscripting@1.7.8\Editor\VisualScripting.Core\Dependencies\DotNetZip\Unity.VisualScripting.IonicZip.dll
Symbol file LoadedFromMemory is not a mono symbol file
Native extension for UWP target not found
Native extension for LinuxStandalone target not found
Native extension for WindowsStandalone target not found
Native extension for Android target not found
Native extension for OSXStandalone target not found
Native extension for WebGL target not found
Refreshing native plugins compatible for Editor in 0.92 ms, found 3 plugins.
Preloading 0 native plugins for Editor in 0.00 ms.
Mono: successfully reloaded assembly
- Completed reload, in  2.478 seconds
Domain Reload Profiling:
	ReloadAssembly (2479ms)
		BeginReloadAssembly (403ms)
			ExecutionOrderSort (0ms)
			DisableScriptedObjects (9ms)
			BackupInstance (0ms)
			ReleaseScriptingObjects (0ms)
			CreateAndSetChildDomain (166ms)
		EndReloadAssembly (1776ms)
			LoadAssemblies (245ms)
			RebuildTransferFunctionScriptingTraits (0ms)
			SetupTypeCache (600ms)
			ReleaseScriptCaches (1ms)
			RebuildScriptCaches (77ms)
			SetupLoadedEditorAssemblies (820ms)
				LogAssemblyErrors (0ms)
				InitializePlatformSupportModulesInManaged (44ms)
				SetLoadedEditorAssemblies (1ms)
				RefreshPlugins (1ms)
				BeforeProcessingInitializeOnLoad (218ms)
				ProcessInitializeOnLoadAttributes (483ms)
				ProcessInitializeOnLoadMethodAttributes (47ms)
				AfterProcessingInitializeOnLoad (26ms)
				EditorAssembliesLoaded (0ms)
			ExecutionOrderSort2 (0ms)
			AwakeInstancesAfterBackupRestoration (12ms)
Platform modules already initialized, skipping
========================================================================
Worker process is ready to serve import requests
Launched and connected shader compiler UnityShaderCompiler.exe after 0.04 seconds
Refreshing native plugins compatible for Editor in 0.84 ms, found 3 plugins.
Preloading 0 native plugins for Editor in 0.00 ms.
Unloading 3763 Unused Serialized files (Serialized files now loaded: 0)
Unloading 30 unused Assets / (167.3 KB). Loaded Objects now: 4221.
Memory consumption went from 134.1 MB to 134.0 MB.
Total: 7.253000 ms (FindLiveObjects: 0.391000 ms CreateObjectMapping: 0.152500 ms MarkObjects: 6.419500 ms  DeleteObjects: 0.288000 ms)

AssetImportParameters requested are different than current active one (requested -> active):
  custom:video-decoder-ogg-theora: a1e56fd34408186e4bbccfd4996cb3dc -> 
  custom:container-muxer-webm: aa71ff27fc2769a1b78a27578f13a17b -> 
  custom:container-demuxer-webm: 4f35f7cbe854078d1ac9338744f61a02 -> 
  custom:video-encoder-webm-vp8: eb34c28f22e8b96e1ab97ce403110664 -> 
  custom:video-codec-MediaFoundation-h265: 746d11721c4dcdbdad8f713fa42b33f4 -> 
  custom:audio-encoder-webm-vorbis: bf7c407c2cedff20999df2af8eb42d56 -> 
  custom:framework-win-MediaFoundation: 216162199b28c13a410421893ffa2e32 -> 
  custom:container-demuxer-ogg: 62fdf1f143b41e24485cea50d1cbac27 -> 
  custom:video-decoder-webm-vp8: 9c59270c3fd7afecdb556c50c9e8de78 -> 
  custom:audio-decoder-ogg-vorbis: bf7c407c2cedff20999df2af8eb42d56 -> 
========================================================================
Received Import Request.
  Time since last request: 1950207.699061 seconds.
  path: Assets/Servo/obj/Debug
  artifactKey: Guid(87029036f60cd694d936f0b84367be87) Importer(815301076,1909f56bfc062723c751e8b465ee728b)
Start importing Assets/Servo/obj/Debug using Guid(87029036f60cd694d936f0b84367be87) Importer(815301076,1909f56bfc062723c751e8b465ee728b)  -> (artifact id: 'ac3787f9c421a66b0066522cf75b000b') in 0.017358 seconds 
========================================================================
Received Import Request.
  Time since last request: 34.988543 seconds.
  path: Assets/ServoTest
  artifactKey: Guid(6327676d4dc002544928eeeeceb0eeb7) Importer(815301076,1909f56bfc062723c751e8b465ee728b)
Start importing Assets/ServoTest using Guid(6327676d4dc002544928eeeeceb0eeb7) Importer(815301076,1909f56bfc062723c751e8b465ee728b)  -> (artifact id: '90896de2f2cd7fef8bfff2e692d85b72') in 0.008551 seconds 
========================================================================
Received Import Request.
  Time since last request: 25.760678 seconds.
  path: Assets/ServoTest/Properties
  artifactKey: Guid(545215225e6f2394d8c2c8d6c4474c5d) Importer(815301076,1909f56bfc062723c751e8b465ee728b)
Start importing Assets/ServoTest/Properties using Guid(545215225e6f2394d8c2c8d6c4474c5d) Importer(815301076,1909f56bfc062723c751e8b465ee728b)  -> (artifact id: 'b48b15b38057e4f3d8331bcb8719b958') in 0.009227 seconds 
========================================================================
Received Import Request.
  Time since last request: 5.085104 seconds.
  path: Assets/ServoTest/RotationTest.xaml.cs
  artifactKey: Guid(0ca0beee8718d414a938f110a5ae3984) Importer(815301076,1909f56bfc062723c751e8b465ee728b)
Start importing Assets/ServoTest/RotationTest.xaml.cs using Guid(0ca0beee8718d414a938f110a5ae3984) Importer(815301076,1909f56bfc062723c751e8b465ee728b)  -> (artifact id: 'e422448a2bfbf872f4e8d8eb257e6fc0') in 0.051632 seconds 
========================================================================
Received Import Request.
  Time since last request: 3.813369 seconds.
  path: Assets/ServoTest/VelocityTest.xaml.cs
  artifactKey: Guid(aa74033aa90a02b40a9822af2136e3fd) Importer(815301076,1909f56bfc062723c751e8b465ee728b)
Start importing Assets/ServoTest/VelocityTest.xaml.cs using Guid(aa74033aa90a02b40a9822af2136e3fd) Importer(815301076,1909f56bfc062723c751e8b465ee728b)  -> (artifact id: '51c2f2a629c209ea6ee67d0846bb7ef9') in 0.009188 seconds 
========================================================================
Received Import Request.
  Time since last request: 2.105558 seconds.
  path: Assets/ServoTest/obj
  artifactKey: Guid(e97370fb7e95db14d85f708c93e332d3) Importer(815301076,1909f56bfc062723c751e8b465ee728b)
Start importing Assets/ServoTest/obj using Guid(e97370fb7e95db14d85f708c93e332d3) Importer(815301076,1909f56bfc062723c751e8b465ee728b)  -> (artifact id: '95093ec8c0d2ff3ba851c7389bc42c67') in 0.003357 seconds 
========================================================================
Received Import Request.
  Time since last request: 0.764314 seconds.
  path: Assets/ServoTest/obj/Debug
  artifactKey: Guid(943e2e638dc827742a697a3772f3440e) Importer(815301076,1909f56bfc062723c751e8b465ee728b)
Start importing Assets/ServoTest/obj/Debug using Guid(943e2e638dc827742a697a3772f3440e) Importer(815301076,1909f56bfc062723c751e8b465ee728b)  -> (artifact id: '22028c5a89cbda074519d735d3db1b11') in 0.003596 seconds 
========================================================================
Received Import Request.
  Time since last request: 1.742583 seconds.
  path: Assets/ServoTest/obj/Debug/TempPE
  artifactKey: Guid(e763d71d74d220c4088e826a256ff4a7) Importer(815301076,1909f56bfc062723c751e8b465ee728b)
Start importing Assets/ServoTest/obj/Debug/TempPE using Guid(e763d71d74d220c4088e826a256ff4a7) Importer(815301076,1909f56bfc062723c751e8b465ee728b)  -> (artifact id: '93d5b3bdd324b3c5ef6e6af2ce69e069') in 0.014281 seconds 
========================================================================
Received Prepare
Registering precompiled user dll's ...
Registered in 0.018017 seconds.
Begin MonoManager ReloadAssembly
Symbol file LoadedFromMemory doesn't match image C:\Users\Robin\Documents\Unity\Hexabot-dev\Hexapod dev\Library\PackageCache\com.unity.visualscripting@1.7.8\Editor\VisualScripting.Core\Dependencies\YamlDotNet\Unity.VisualScripting.YamlDotNet.dll
Symbol file LoadedFromMemory doesn't match image C:\Users\Robin\Documents\Unity\Hexabot-dev\Hexapod dev\Library\PackageCache\com.unity.visualscripting@1.7.8\Editor\VisualScripting.Core\Dependencies\DotNetZip\Unity.VisualScripting.IonicZip.dll
Native extension for UWP target not found
Native extension for LinuxStandalone target not found
Native extension for WindowsStandalone target not found
Native extension for Android target not found
Native extension for OSXStandalone target not found
Native extension for WebGL target not found
Refreshing native plugins compatible for Editor in 0.67 ms, found 3 plugins.
Preloading 0 native plugins for Editor in 0.00 ms.
Mono: successfully reloaded assembly
- Completed reload, in  2.036 seconds
Domain Reload Profiling:
	ReloadAssembly (2037ms)
		BeginReloadAssembly (336ms)
			ExecutionOrderSort (0ms)
			DisableScriptedObjects (15ms)
			BackupInstance (0ms)
			ReleaseScriptingObjects (0ms)
			CreateAndSetChildDomain (66ms)
		EndReloadAssembly (1476ms)
			LoadAssemblies (225ms)
			RebuildTransferFunctionScriptingTraits (0ms)
			SetupTypeCache (533ms)
			ReleaseScriptCaches (2ms)
			RebuildScriptCaches (70ms)
			SetupLoadedEditorAssemblies (648ms)
				LogAssemblyErrors (0ms)
				InitializePlatformSupportModulesInManaged (52ms)
				SetLoadedEditorAssemblies (1ms)
				RefreshPlugins (1ms)
				BeforeProcessingInitializeOnLoad (144ms)
				ProcessInitializeOnLoadAttributes (382ms)
				ProcessInitializeOnLoadMethodAttributes (50ms)
				AfterProcessingInitializeOnLoad (19ms)
				EditorAssembliesLoaded (0ms)
			ExecutionOrderSort2 (0ms)
			AwakeInstancesAfterBackupRestoration (9ms)
Platform modules already initialized, skipping
Refreshing native plugins compatible for Editor in 2.91 ms, found 3 plugins.
Preloading 0 native plugins for Editor in 0.00 ms.
Unloading 3727 Unused Serialized files (Serialized files now loaded: 0)
Unloading 31 unused Assets / (126.5 KB). Loaded Objects now: 4214.
Memory consumption went from 131.9 MB to 131.8 MB.
Total: 5.837300 ms (FindLiveObjects: 0.226100 ms CreateObjectMapping: 0.137100 ms MarkObjects: 5.331900 ms  DeleteObjects: 0.141100 ms)

AssetImportParameters requested are different than current active one (requested -> active):
  custom:video-decoder-ogg-theora: a1e56fd34408186e4bbccfd4996cb3dc -> 
  custom:container-muxer-webm: aa71ff27fc2769a1b78a27578f13a17b -> 
  custom:container-demuxer-webm: 4f35f7cbe854078d1ac9338744f61a02 -> 
  custom:video-encoder-webm-vp8: eb34c28f22e8b96e1ab97ce403110664 -> 
  custom:video-codec-MediaFoundation-h265: 746d11721c4dcdbdad8f713fa42b33f4 -> 
  custom:audio-encoder-webm-vorbis: bf7c407c2cedff20999df2af8eb42d56 -> 
  custom:framework-win-MediaFoundation: 216162199b28c13a410421893ffa2e32 -> 
  custom:container-demuxer-ogg: 62fdf1f143b41e24485cea50d1cbac27 -> 
  custom:video-decoder-webm-vp8: 9c59270c3fd7afecdb556c50c9e8de78 -> 
  custom:audio-decoder-ogg-vorbis: bf7c407c2cedff20999df2af8eb42d56 -> 
========================================================================
Received Import Request.
  Time since last request: 2624.256401 seconds.
  path: Assets/Prefab
  artifactKey: Guid(da3a6a27257587b408c8dc0b38119916) Importer(815301076,1909f56bfc062723c751e8b465ee728b)
Start importing Assets/Prefab using Guid(da3a6a27257587b408c8dc0b38119916) Importer(815301076,1909f56bfc062723c751e8b465ee728b)  -> (artifact id: '86aee8c9d7e043e6e2d6c040b8eff267') in 0.026173 seconds 
========================================================================
Received Import Request.
  Time since last request: 11.496546 seconds.
  path: Assets/Prefabs
  artifactKey: Guid(da3a6a27257587b408c8dc0b38119916) Importer(815301076,1909f56bfc062723c751e8b465ee728b)
Start importing Assets/Prefabs using Guid(da3a6a27257587b408c8dc0b38119916) Importer(815301076,1909f56bfc062723c751e8b465ee728b)  -> (artifact id: '4b74af1737d79cd63d5a89e6a21156e1') in 0.007646 seconds 
========================================================================
Received Import Request.
  Time since last request: 19.810614 seconds.
  path: Assets/Scripts
  artifactKey: Guid(3c74b991928d78b4d9067ad3f09c0241) Importer(815301076,1909f56bfc062723c751e8b465ee728b)
Start importing Assets/Scripts using Guid(3c74b991928d78b4d9067ad3f09c0241) Importer(815301076,1909f56bfc062723c751e8b465ee728b)  -> (artifact id: '2718370e99ae2d8399ea9e428f53d4fe') in 0.006611 seconds 
========================================================================
Received Prepare
Registering precompiled user dll's ...
Registered in 0.010791 seconds.
Begin MonoManager ReloadAssembly
Symbol file LoadedFromMemory doesn't match image C:\Users\Robin\Documents\Unity\Hexabot-dev\Hexapod dev\Library\PackageCache\com.unity.visualscripting@1.7.8\Editor\VisualScripting.Core\Dependencies\YamlDotNet\Unity.VisualScripting.YamlDotNet.dll
Symbol file LoadedFromMemory doesn't match image C:\Users\Robin\Documents\Unity\Hexabot-dev\Hexapod dev\Library\PackageCache\com.unity.visualscripting@1.7.8\Editor\VisualScripting.Core\Dependencies\DotNetZip\Unity.VisualScripting.IonicZip.dll
Native extension for UWP target not found
Native extension for LinuxStandalone target not found
Native extension for WindowsStandalone target not found
Native extension for Android target not found
Native extension for OSXStandalone target not found
Native extension for WebGL target not found
Refreshing native plugins compatible for Editor in 1.08 ms, found 3 plugins.
Preloading 0 native plugins for Editor in 0.00 ms.
Mono: successfully reloaded assembly
- Completed reload, in  2.366 seconds
Domain Reload Profiling:
	ReloadAssembly (2368ms)
		BeginReloadAssembly (417ms)
			ExecutionOrderSort (0ms)
			DisableScriptedObjects (17ms)
			BackupInstance (0ms)
			ReleaseScriptingObjects (0ms)
			CreateAndSetChildDomain (138ms)
		EndReloadAssembly (1756ms)
			LoadAssemblies (212ms)
			RebuildTransferFunctionScriptingTraits (0ms)
			SetupTypeCache (621ms)
			ReleaseScriptCaches (2ms)
			RebuildScriptCaches (94ms)
			SetupLoadedEditorAssemblies (772ms)
				LogAssemblyErrors (0ms)
				InitializePlatformSupportModulesInManaged (80ms)
				SetLoadedEditorAssemblies (1ms)
				RefreshPlugins (1ms)
				BeforeProcessingInitializeOnLoad (182ms)
				ProcessInitializeOnLoadAttributes (444ms)
				ProcessInitializeOnLoadMethodAttributes (46ms)
				AfterProcessingInitializeOnLoad (18ms)
				EditorAssembliesLoaded (0ms)
			ExecutionOrderSort2 (0ms)
			AwakeInstancesAfterBackupRestoration (9ms)
Platform modules already initialized, skipping
Refreshing native plugins compatible for Editor in 2.96 ms, found 3 plugins.
Preloading 0 native plugins for Editor in 0.00 ms.
Unloading 3727 Unused Serialized files (Serialized files now loaded: 0)
Unloading 21 unused Assets / (126.7 KB). Loaded Objects now: 4217.
Memory consumption went from 131.9 MB to 131.7 MB.
Total: 2.967600 ms (FindLiveObjects: 0.227100 ms CreateObjectMapping: 0.149100 ms MarkObjects: 2.414500 ms  DeleteObjects: 0.175500 ms)

AssetImportParameters requested are different than current active one (requested -> active):
  custom:video-decoder-ogg-theora: a1e56fd34408186e4bbccfd4996cb3dc -> 
  custom:container-muxer-webm: aa71ff27fc2769a1b78a27578f13a17b -> 
  custom:container-demuxer-webm: 4f35f7cbe854078d1ac9338744f61a02 -> 
  custom:video-encoder-webm-vp8: eb34c28f22e8b96e1ab97ce403110664 -> 
  custom:video-codec-MediaFoundation-h265: 746d11721c4dcdbdad8f713fa42b33f4 -> 
  custom:audio-encoder-webm-vorbis: bf7c407c2cedff20999df2af8eb42d56 -> 
  custom:framework-win-MediaFoundation: 216162199b28c13a410421893ffa2e32 -> 
  custom:container-demuxer-ogg: 62fdf1f143b41e24485cea50d1cbac27 -> 
  custom:video-decoder-webm-vp8: 9c59270c3fd7afecdb556c50c9e8de78 -> 
  custom:audio-decoder-ogg-vorbis: bf7c407c2cedff20999df2af8eb42d56 -> 
========================================================================
Received Import Request.
  Time since last request: 10.756057 seconds.
  path: Assets/Materials
  artifactKey: Guid(ba75f0bd14eff2049bbc90d0c5757514) Importer(815301076,1909f56bfc062723c751e8b465ee728b)
Start importing Assets/Materials using Guid(ba75f0bd14eff2049bbc90d0c5757514) Importer(815301076,1909f56bfc062723c751e8b465ee728b)  -> (artifact id: 'ef07d287e7863917db44c97d87c52338') in 0.023422 seconds 
========================================================================
Received Import Request.
  Time since last request: 25.575992 seconds.
  path: Assets/Thirdparty/Ciathyza/Gridbox Prototype Materials/Materials/Standard/Material Palette.asset
  artifactKey: Guid(48a4a47f8a64cf0488f1ad84c7e0d2f6) Importer(815301076,1909f56bfc062723c751e8b465ee728b)
Start importing Assets/Thirdparty/Ciathyza/Gridbox Prototype Materials/Materials/Standard/Material Palette.asset using Guid(48a4a47f8a64cf0488f1ad84c7e0d2f6) Importer(815301076,1909f56bfc062723c751e8b465ee728b)  -> (artifact id: '162f65dc1ec46069b196427961783109') in 0.029260 seconds 
========================================================================
Received Import Request.
  Time since last request: 41.859022 seconds.
  path: Assets/Materials/Material_Prototype.asset
  artifactKey: Guid(48a4a47f8a64cf0488f1ad84c7e0d2f6) Importer(815301076,1909f56bfc062723c751e8b465ee728b)
Start importing Assets/Materials/Material_Prototype.asset using Guid(48a4a47f8a64cf0488f1ad84c7e0d2f6) Importer(815301076,1909f56bfc062723c751e8b465ee728b)  -> (artifact id: '7e7ee9d307b682e0fa20d51e99bff9f1') in 0.018489 seconds 
========================================================================
Received Import Request.
  Time since last request: 84.276167 seconds.
  path: Assets/ProBuilder Data/Default Material Palette.asset
  artifactKey: Guid(6a4bc1ec877ea464aa288cafc68f3828) Importer(815301076,1909f56bfc062723c751e8b465ee728b)
Start importing Assets/ProBuilder Data/Default Material Palette.asset using Guid(6a4bc1ec877ea464aa288cafc68f3828) Importer(815301076,1909f56bfc062723c751e8b465ee728b)  -> (artifact id: '5a67560af24a3776b7271a2260501c7f') in 0.030975 seconds 
========================================================================
Received Import Request.
  Time since last request: 86.966018 seconds.
  path: Assets/Materials/Material_Prototype.asset
  artifactKey: Guid(48a4a47f8a64cf0488f1ad84c7e0d2f6) Importer(815301076,1909f56bfc062723c751e8b465ee728b)
Start importing Assets/Materials/Material_Prototype.asset using Guid(48a4a47f8a64cf0488f1ad84c7e0d2f6) Importer(815301076,1909f56bfc062723c751e8b465ee728b)  -> (artifact id: 'd2db7f72a6cc7475da2eb42fba26d11a') in 0.026019 seconds 
